<?xml version="1.0" encoding="UTF-8" standalone="no"?>
<!DOCTYPE log SYSTEM "logger.dtd">
<log>
<record>
  <date>2020-10-08T15:42:17</date>
  <millis>1602160937823</millis>
  <sequence>0</sequence>
  <logger>ClientGUI</logger>
  <level>INFO</level>
  <class>ChatServer</class>
  <method>logMessageInfo</method>
  <thread>17</thread>
  <message>453453</message>
</record>
<record>
  <date>2020-10-08T15:42:20</date>
  <millis>1602160940642</millis>
  <sequence>1</sequence>
  <logger>ClientGUI</logger>
  <level>INFO</level>
  <class>ChatServer</class>
  <method>logMessageInfo</method>
  <thread>17</thread>
  <message>выапыва</message>
</record>
</log>
